<?xml version="1.0" encoding="UTF-8"?>
<testsuite name="TestSuite" time="46.936" tests="8" errors="0" skipped="0" failures="2">
  <properties>
[...]
</properties>
  <testcase name="authorize" classname="Test1SuccessfulAuthorization" time="2.812"/>
  <testcase name="createObject" classname="Test6EditObjectInsertWrongData" time="11.335"/>
  <testcase name="authorizeWithEmptyFields" classname="Test2FailAuthorization" time="1.872"/>
  <testcase name="authorizeWithIncorrectEmail" classname="Test2FailAuthorization" time="0.858"/>
  <testcase name="authorizeWithIncorrectPassword" classname="Test2FailAuthorization" time="1.149"/>
  <testcase name="createObject" classname="Test7DeleteObject" time="6.546"/>
  <testcase name="createObject" classname="Test3CreateObject" time="18.079">
    <failure message="Element should be visible {By.id: fieldsform-caption}&#10;Element: &apos;&lt;input class=&quot;form-control&quot; id=&quot;fieldsform-caption&quot; name=&quot;FieldsForm[caption]&quot; placeholder=&quot;New Field&quot; type=&quot;text&quot; value=&quot;Boolean&quot; displayed:false&gt;&lt;/input&gt;&apos;" type="com.codeborne.selenide.ex.ElementShould"><![CDATA[com.codeborne.selenide.ex.ElementShould: Element should be visible {By.id: fieldsform-caption}
Element: '<input class="form-control" id="fieldsform-caption" name="FieldsForm[caption]" placeholder="New Field" type="text" value="Boolean" displayed:false></input>'
	at com.codeborne.selenide.impl.AbstractSelenideElement.checkCondition(AbstractSelenideElement.java:553)
	at com.codeborne.selenide.impl.AbstractSelenideElement.should(AbstractSelenideElement.java:517)
	at com.codeborne.selenide.impl.AbstractSelenideElement.invokeShould(AbstractSelenideElement.java:305)
	at com.codeborne.selenide.impl.AbstractSelenideElement.dispatchSelenideMethod(AbstractSelenideElement.java:179)
	at com.codeborne.selenide.impl.AbstractSelenideElement.dispatchAndRetry(AbstractSelenideElement.java:90)
	at com.codeborne.selenide.impl.AbstractSelenideElement.invoke(AbstractSelenideElement.java:65)
	at com.codeborne.selenide.impl.WaitingSelenideElement.invoke(WaitingSelenideElement.java:19)
	at com.sun.proxy.$Proxy6.waitUntil(Unknown Source)
	at Pages.ObjectEditorPage.clickButtonAddObjectFields(ObjectEditorPage.java:86)
	at Test3CreateObject.createObject(Test3CreateObject.java:45)
]]></failure>
    <system-err><![CDATA[окт 23, 2015 9:37:16 AM com.codeborne.selenide.impl.WebDriverThreadLocalContainer closeWebDriver
INFO: Close webdriver: 1 -> FirefoxDriver: firefox on WINDOWS (5024e0dd-559e-4bc2-a9a5-007b7ed6a459)
окт 23, 2015 9:37:16 AM com.codeborne.selenide.impl.WebDriverThreadLocalContainer$CloseBrowser run
INFO: Trying to close the browser FirefoxDriver: firefox on WINDOWS (5024e0dd-559e-4bc2-a9a5-007b7ed6a459) ...
окт 23, 2015 9:37:16 AM com.codeborne.selenide.impl.WebDriverThreadLocalContainer closeWebDriver
INFO: Closed webdriver in 342 ms
окт 23, 2015 9:37:20 AM com.codeborne.selenide.impl.WebDriverThreadLocalContainer createDriver
INFO: Create webdriver in current thread 1: firefox -> FirefoxDriver: firefox on WINDOWS (e86f53c8-b5b5-4371-b56e-9b9b8d998b27)
]]></system-err>
  </testcase>
  <testcase name="createObject" classname="Test4CreateObjectInstance" time="4.285">
    <failure message="Element not found {By.id: show-login-form-btn}&#10;Expected: visible" type="com.codeborne.selenide.ex.ElementNotFound"><![CDATA[com.codeborne.selenide.ex.ElementNotFound: Element not found {By.id: show-login-form-btn}
Expected: visible
	at sun.reflect.GeneratedConstructorAccessor12.newInstance(Unknown Source)
	at sun.reflect.DelegatingConstructorAccessorImpl.newInstance(DelegatingConstructorAccessorImpl.java:45)
	at java.lang.reflect.Constructor.newInstance(Constructor.java:422)
	at org.openqa.selenium.remote.ErrorHandler.createThrowable(ErrorHandler.java:206)
	at org.openqa.selenium.remote.ErrorHandler.throwIfResponseFailed(ErrorHandler.java:158)
	at org.openqa.selenium.remote.RemoteWebDriver.execute(RemoteWebDriver.java:647)
	at org.openqa.selenium.remote.RemoteWebDriver.findElement(RemoteWebDriver.java:353)
	at org.openqa.selenium.remote.RemoteWebDriver.findElementById(RemoteWebDriver.java:403)
	at org.openqa.selenium.By$ById.findElement(By.java:218)
	at org.openqa.selenium.remote.RemoteWebDriver.findElement(RemoteWebDriver.java:345)
	at com.codeborne.selenide.impl.WebElementSelector.findElement(WebElementSelector.java:28)
	at com.codeborne.selenide.impl.WaitingSelenideElement.getActualDelegate(WaitingSelenideElement.java:56)
	at com.codeborne.selenide.impl.AbstractSelenideElement.checkCondition(AbstractSelenideElement.java:528)
	at com.codeborne.selenide.impl.AbstractSelenideElement.findAndAssertElementIsVisible(AbstractSelenideElement.java:410)
	at com.codeborne.selenide.impl.AbstractSelenideElement.click(AbstractSelenideElement.java:398)
	at com.codeborne.selenide.impl.AbstractSelenideElement.dispatchSelenideMethod(AbstractSelenideElement.java:267)
	at com.codeborne.selenide.impl.AbstractSelenideElement.dispatchAndRetry(AbstractSelenideElement.java:90)
	at com.codeborne.selenide.impl.AbstractSelenideElement.invoke(AbstractSelenideElement.java:65)
	at com.codeborne.selenide.impl.WaitingSelenideElement.invoke(WaitingSelenideElement.java:19)
	at com.sun.proxy.$Proxy6.click(Unknown Source)
	at Pages.LoginPage.showLoginForm(LoginPage.java:32)
	at Pages.LoginPage.authorizeAsAdmin(LoginPage.java:64)
	at Test4CreateObjectInstance.createObject(Test4CreateObjectInstance.java:21)
Caused by: org.openqa.selenium.NoSuchElementException: Unable to locate element: {"method":"id","selector":"show-login-form-btn"}
For documentation on this error, please visit: http://seleniumhq.org/exceptions/no_such_element.html
Build info: version: '2.48.2', revision: '41bccdd10cf2c0560f637404c2d96164b67d9d67', time: '2015-10-09 13:08:06'
System info: host: 'Anders', ip: '172.22.45.113', os.name: 'Windows 8.1', os.arch: 'amd64', os.version: '6.3', java.version: '1.8.0_51'
Driver info: driver.version: unknown
	at <anonymous class>.FirefoxDriver.prototype.findElementInternal_(file:///C:/Users/John/AppData/Local/Temp/anonymous867087694109639559webdriver-profile/extensions/fxdriver@googlecode.com/components/driver-component.js:10659)
	at <anonymous class>.FirefoxDriver.prototype.findElement(file:///C:/Users/John/AppData/Local/Temp/anonymous867087694109639559webdriver-profile/extensions/fxdriver@googlecode.com/components/driver-component.js:10668)
	at <anonymous class>.DelayedCommand.prototype.executeInternal_/h(file:///C:/Users/John/AppData/Local/Temp/anonymous867087694109639559webdriver-profile/extensions/fxdriver@googlecode.com/components/command-processor.js:12534)
	at <anonymous class>.DelayedCommand.prototype.executeInternal_(file:///C:/Users/John/AppData/Local/Temp/anonymous867087694109639559webdriver-profile/extensions/fxdriver@googlecode.com/components/command-processor.js:12539)
	at <anonymous class>.DelayedCommand.prototype.execute/<(file:///C:/Users/John/AppData/Local/Temp/anonymous867087694109639559webdriver-profile/extensions/fxdriver@googlecode.com/components/command-processor.js:12481)
]]></failure>
    <system-err><![CDATA[окт 23, 2015 9:37:39 AM com.codeborne.selenide.impl.WebDriverThreadLocalContainer closeWebDriver
INFO: Close webdriver: 1 -> FirefoxDriver: firefox on WINDOWS (e86f53c8-b5b5-4371-b56e-9b9b8d998b27)
окт 23, 2015 9:37:39 AM com.codeborne.selenide.impl.WebDriverThreadLocalContainer$CloseBrowser run
INFO: Trying to close the browser FirefoxDriver: firefox on WINDOWS (e86f53c8-b5b5-4371-b56e-9b9b8d998b27) ...
окт 23, 2015 9:37:40 AM com.codeborne.selenide.impl.WebDriverThreadLocalContainer closeWebDriver
INFO: Closed webdriver in 567 ms
окт 23, 2015 9:37:43 AM com.codeborne.selenide.impl.WebDriverThreadLocalContainer createDriver
INFO: Create webdriver in current thread 1: firefox -> FirefoxDriver: firefox on WINDOWS (72b4ea9d-6678-438d-905f-205b80321aed)
]]></system-err>
  </testcase>
</testsuite>